<?xml version="1.0" encoding="UTF-8"?>
<!-- Generated by org.testng.reporters.JUnitReportReporter -->
<testsuite hostname="DESKTOP-FF2F2R1" failures="0" tests="3" name="ClientCreation.UploadProfileImage" time="32.624" errors="0" timestamp="2023-08-04T18:09:56 IST" skipped="0">
  <testcase classname="ClientCreation.UploadProfileImage" name="RememberMe" time="26.194"/>
  <testcase classname="ClientCreation.UploadProfileImage" name="GotoClientDetailsPage" time="3.492"/>
  <testcase classname="ClientCreation.UploadProfileImage" name="UploadImage" time="2.938"/>
</testsuite> <!-- ClientCreation.UploadProfileImage -->
