<?xml version="1.0" encoding="UTF-8"?>
<!-- Generated by org.testng.reporters.JUnitReportReporter -->
<testsuite hostname="DESKTOP-FF2F2R1" failures="0" tests="9" name="ClientCreation.Test1" time="32.742" errors="1" timestamp="2023-07-28T15:15:24 IST" skipped="4">
  <testcase classname="ClientCreation.Test1" name="RememberMe" time="9.093"/>
  <testcase classname="ClientCreation.Test1" name="ClickOnCreateClient" time="3.190"/>
  <testcase classname="ClientCreation.Test1" name="GenrealtabDataFillup" time="8.196"/>
  <testcase classname="ClientCreation.Test1" name="FamilytabDataFillup" time="9.026"/>
  <testcase classname="ClientCreation.Test1" name="AddresstabDataFillup" time="3.236">
    <error message="element click intercepted: Element &lt;button _ngcontent-unj-c343=&quot;&quot; mat-raised-button=&quot;&quot; matsteppernext=&quot;&quot; class=&quot;mat-focus-indicator mat-stepper-next mat-raised-button mat-button-base&quot; type=&quot;submit&quot;&gt;...&lt;/button&gt; is not clickable at point (773, 394). Other element would receive the click: &lt;mat-panel-description _ngcontent-unj-c343=&quot;&quot; class=&quot;mat-expansion-panel-header-description ng-tns-c133-104&quot;&gt;...&lt;/mat-panel-description&gt;
  (Session info: chrome=115.0.5790.110)
Build info: version: &#039;4.10.0&#039;, revision: &#039;c14d967899&#039;
System info: os.name: &#039;Windows 10&#039;, os.arch: &#039;amd64&#039;, os.version: &#039;10.0&#039;, java.version: &#039;20.0.1&#039;
Driver info: org.openqa.selenium.chrome.ChromeDriver
Command: [a23f86484e38883de13fe1a7fbd49fcf, clickElement {id=134A4816A6E17305C724C5185FB92736_element_1311}]
Capabilities {acceptInsecureCerts: true, browserName: chrome, browserVersion: 115.0.5790.110, chrome: {chromedriverVersion: 115.0.5790.102 (90efd4b0ad6..., userDataDir: C:\Users\Lenovo\AppData\Loc...}, goog:chromeOptions: {debuggerAddress: localhost:57207}, networkConnectionEnabled: false, pageLoadStrategy: normal, platformName: windows, proxy: Proxy(), se:cdp: ws://localhost:57207/devtoo..., se:cdpVersion: 115.0.5790.110, setWindowRect: true, strictFileInteractability: false, timeouts: {implicit: 0, pageLoad: 300000, script: 30000}, unhandledPromptBehavior: dismiss and notify, webauthn:extension:credBlob: true, webauthn:extension:largeBlob: true, webauthn:extension:minPinLength: true, webauthn:extension:prf: true, webauthn:virtualAuthenticators: true}
Element: [[ChromeDriver: chrome on windows (a23f86484e38883de13fe1a7fbd49fcf)] -&gt; xpath: //*[@id=&quot;cdk-step-content-0-2&quot;]/mifosx-client-address-step/div/div[2]/button[2]]
Session ID: a23f86484e38883de13fe1a7fbd49fcf" type="org.openqa.selenium.ElementClickInterceptedException">
      <![CDATA[org.openqa.selenium.ElementClickInterceptedException: element click intercepted: Element <button _ngcontent-unj-c343="" mat-raised-button="" matsteppernext="" class="mat-focus-indicator mat-stepper-next mat-raised-button mat-button-base" type="submit">...</button> is not clickable at point (773, 394). Other element would receive the click: <mat-panel-description _ngcontent-unj-c343="" class="mat-expansion-panel-header-description ng-tns-c133-104">...</mat-panel-description>
  (Session info: chrome=115.0.5790.110)
Build info: version: '4.10.0', revision: 'c14d967899'
System info: os.name: 'Windows 10', os.arch: 'amd64', os.version: '10.0', java.version: '20.0.1'
Driver info: org.openqa.selenium.chrome.ChromeDriver
Command: [a23f86484e38883de13fe1a7fbd49fcf, clickElement {id=134A4816A6E17305C724C5185FB92736_element_1311}]
Capabilities {acceptInsecureCerts: true, browserName: chrome, browserVersion: 115.0.5790.110, chrome: {chromedriverVersion: 115.0.5790.102 (90efd4b0ad6..., userDataDir: C:\Users\Lenovo\AppData\Loc...}, goog:chromeOptions: {debuggerAddress: localhost:57207}, networkConnectionEnabled: false, pageLoadStrategy: normal, platformName: windows, proxy: Proxy(), se:cdp: ws://localhost:57207/devtoo..., se:cdpVersion: 115.0.5790.110, setWindowRect: true, strictFileInteractability: false, timeouts: {implicit: 0, pageLoad: 300000, script: 30000}, unhandledPromptBehavior: dismiss and notify, webauthn:extension:credBlob: true, webauthn:extension:largeBlob: true, webauthn:extension:minPinLength: true, webauthn:extension:prf: true, webauthn:virtualAuthenticators: true}
Element: [[ChromeDriver: chrome on windows (a23f86484e38883de13fe1a7fbd49fcf)] -> xpath: //*[@id="cdk-step-content-0-2"]/mifosx-client-address-step/div/div[2]/button[2]]
Session ID: a23f86484e38883de13fe1a7fbd49fcf
at java.base/jdk.internal.reflect.DirectConstructorHandleAccessor.newInstance(DirectConstructorHandleAccessor.java:67)
at java.base/java.lang.reflect.Constructor.newInstanceWithCaller(Constructor.java:500)
at java.base/java.lang.reflect.Constructor.newInstance(Constructor.java:484)
at org.openqa.selenium.remote.codec.w3c.W3CHttpResponseCodec.createException(W3CHttpResponseCodec.java:199)
at org.openqa.selenium.remote.codec.w3c.W3CHttpResponseCodec.decode(W3CHttpResponseCodec.java:132)
at org.openqa.selenium.remote.codec.w3c.W3CHttpResponseCodec.decode(W3CHttpResponseCodec.java:51)
at org.openqa.selenium.remote.HttpCommandExecutor.execute(HttpCommandExecutor.java:191)
at org.openqa.selenium.remote.service.DriverCommandExecutor.invokeExecute(DriverCommandExecutor.java:196)
at org.openqa.selenium.remote.service.DriverCommandExecutor.execute(DriverCommandExecutor.java:171)
at org.openqa.selenium.remote.RemoteWebDriver.execute(RemoteWebDriver.java:531)
at org.openqa.selenium.remote.RemoteWebElement.execute(RemoteWebElement.java:242)
at org.openqa.selenium.remote.RemoteWebElement.click(RemoteWebElement.java:77)
at ClientCreation.Test1.AddresstabDataFillup(Test1.java:275)
at java.base/jdk.internal.reflect.DirectMethodHandleAccessor.invoke(DirectMethodHandleAccessor.java:104)
at java.base/java.lang.reflect.Method.invoke(Method.java:578)
at org.testng.internal.invokers.MethodInvocationHelper.invokeMethod(MethodInvocationHelper.java:139)
at org.testng.internal.invokers.TestInvoker.invokeMethod(TestInvoker.java:664)
at org.testng.internal.invokers.TestInvoker.invokeTestMethod(TestInvoker.java:227)
at org.testng.internal.invokers.MethodRunner.runInSequence(MethodRunner.java:50)
at org.testng.internal.invokers.TestInvoker$MethodInvocationAgent.invoke(TestInvoker.java:957)
at org.testng.internal.invokers.TestInvoker.invokeTestMethods(TestInvoker.java:200)
at org.testng.internal.invokers.TestMethodWorker.invokeTestMethods(TestMethodWorker.java:148)
at org.testng.internal.invokers.TestMethodWorker.run(TestMethodWorker.java:128)
at java.base/java.util.ArrayList.forEach(ArrayList.java:1511)
at org.testng.TestRunner.privateRun(TestRunner.java:848)
at org.testng.TestRunner.run(TestRunner.java:621)
at org.testng.SuiteRunner.runTest(SuiteRunner.java:443)
at org.testng.SuiteRunner.runSequentially(SuiteRunner.java:437)
at org.testng.SuiteRunner.privateRun(SuiteRunner.java:397)
at org.testng.SuiteRunner.run(SuiteRunner.java:336)
at org.testng.SuiteRunnerWorker.runSuite(SuiteRunnerWorker.java:52)
at org.testng.SuiteRunnerWorker.run(SuiteRunnerWorker.java:95)
at org.testng.TestNG.runSuitesSequentially(TestNG.java:1280)
at org.testng.TestNG.runSuitesLocally(TestNG.java:1200)
at org.testng.TestNG.runSuites(TestNG.java:1114)
at org.testng.TestNG.run(TestNG.java:1082)
at org.testng.remote.AbstractRemoteTestNG.run(AbstractRemoteTestNG.java:115)
at org.testng.remote.RemoteTestNG.initAndRun(RemoteTestNG.java:251)
at org.testng.remote.RemoteTestNG.main(RemoteTestNG.java:77)
]]>
    </error>
  </testcase> <!-- AddresstabDataFillup -->
  <testcase classname="ClientCreation.Test1" name="Nomination" time="0.000">
    <skipped/>
  </testcase> <!-- Nomination -->
  <testcase classname="ClientCreation.Test1" name="KYC" time="0.001">
    <skipped/>
  </testcase> <!-- KYC -->
  <testcase classname="ClientCreation.Test1" name="ApplicationSubmit" time="0.000">
    <skipped/>
  </testcase> <!-- ApplicationSubmit -->
  <testcase classname="ClientCreation.Test1" name="DeleteClient" time="0.000">
    <skipped/>
  </testcase> <!-- DeleteClient -->
</testsuite> <!-- ClientCreation.Test1 -->
