<?xml version="1.0" encoding="UTF-8"?>
<!-- Generated by org.testng.reporters.JUnitReportReporter -->
<testsuite hostname="DESKTOP-FF2F2R1" failures="0" tests="5" name="User.EditTheRole" time="12.809" errors="0" timestamp="2023-07-31T10:56:50 IST" skipped="0">
  <testcase classname="User.EditTheRole" name="RememberMe" time="3.190"/>
  <testcase classname="User.EditTheRole" name="GotoUser" time="2.038"/>
  <testcase classname="User.EditTheRole" name="FillupTheForm" time="3.861"/>
  <testcase classname="User.EditTheRole" name="DataVerification" time="2.097"/>
  <testcase classname="User.EditTheRole" name="EditApplication" time="1.623"/>
</testsuite> <!-- User.EditTheRole -->
