<?xml version="1.0" encoding="UTF-8"?>
<!-- Generated by org.testng.reporters.JUnitReportReporter -->
<testsuite hostname="DESKTOP-FF2F2R1" failures="0" tests="5" name="User.ChangeRoleOfUser" time="14.431" errors="0" timestamp="2023-07-31T11:14:04 IST" skipped="0">
  <testcase classname="User.ChangeRoleOfUser" name="RememberMe" time="4.047"/>
  <testcase classname="User.ChangeRoleOfUser" name="GotoUser" time="1.978"/>
  <testcase classname="User.ChangeRoleOfUser" name="FillupTheForm" time="3.639"/>
  <testcase classname="User.ChangeRoleOfUser" name="DataVerification" time="2.145"/>
  <testcase classname="User.ChangeRoleOfUser" name="EditApplication" time="2.622"/>
</testsuite> <!-- User.ChangeRoleOfUser -->
