<?xml version="1.0" encoding="UTF-8"?>
<!-- Generated by org.testng.reporters.JUnitReportReporter -->
<testsuite hostname="DESKTOP-FF2F2R1" failures="0" tests="5" name="User.SuperUserRoleCreation" time="17.989" errors="0" timestamp="2023-07-31T11:45:48 IST" skipped="0">
  <testcase classname="User.SuperUserRoleCreation" name="RememberMe" time="4.905"/>
  <testcase classname="User.SuperUserRoleCreation" name="GotoUser" time="2.112"/>
  <testcase classname="User.SuperUserRoleCreation" name="FillupTheForm" time="3.531"/>
  <testcase classname="User.SuperUserRoleCreation" name="DataVerification" time="2.112"/>
  <testcase classname="User.SuperUserRoleCreation" name="DeleteUser" time="5.329"/>
</testsuite> <!-- User.SuperUserRoleCreation -->
