<?xml version="1.0" encoding="UTF-8"?>
<!-- Generated by org.testng.reporters.JUnitReportReporter -->
<testsuite hostname="DESKTOP-FF2F2R1" failures="0" tests="1" name="ClientCreation.LoginwithValidCredential" time="18.044" errors="0" timestamp="2023-07-28T13:40:18 IST" skipped="0">
  <testcase classname="ClientCreation.LoginwithValidCredential" name="RememberMe" time="18.044"/>
</testsuite> <!-- ClientCreation.LoginwithValidCredential -->
