<?xml version="1.0" encoding="UTF-8"?>
<!-- Generated by org.testng.reporters.JUnitReportReporter -->
<testsuite hostname="DESKTOP-FF2F2R1" failures="0" tests="5" name="User.CROroleCreation" time="18.859" errors="0" timestamp="2023-07-29T17:43:05 IST" skipped="0">
  <testcase classname="User.CROroleCreation" name="RememberMe" time="5.347"/>
  <testcase classname="User.CROroleCreation" name="GotoUser" time="2.059"/>
  <testcase classname="User.CROroleCreation" name="FillupTheForm" time="3.775"/>
  <testcase classname="User.CROroleCreation" name="DataVerification" time="2.152"/>
  <testcase classname="User.CROroleCreation" name="DeleteUser" time="5.526"/>
</testsuite> <!-- User.CROroleCreation -->
