<?xml version="1.0" encoding="UTF-8"?>
<!-- Generated by org.testng.reporters.JUnitReportReporter -->
<testsuite hostname="DESKTOP-FF2F2R1" failures="0" tests="1" name="ClientCreation.LoginwithValidCredential" time="18.310" errors="0" timestamp="2023-07-21T17:08:39 IST" skipped="0">
  <testcase classname="ClientCreation.LoginwithValidCredential" name="RememberMe" time="18.310"/>
</testsuite> <!-- ClientCreation.LoginwithValidCredential -->
