<?xml version="1.0" encoding="UTF-8"?>
<!-- Generated by org.testng.reporters.JUnitReportReporter -->
<testsuite hostname="DESKTOP-FF2F2R1" failures="0" tests="1" name="LoginTCs.LoginwithValidCredential" time="12.070" errors="0" timestamp="2023-07-21T15:40:47 IST" skipped="0">
  <testcase classname="LoginTCs.LoginwithValidCredential" name="RememberMe" time="12.070"/>
</testsuite> <!-- LoginTCs.LoginwithValidCredential -->
