<?xml version="1.0" encoding="UTF-8"?>
<!-- Generated by org.testng.reporters.JUnitReportReporter -->
<testsuite hostname="DESKTOP-FF2F2R1" failures="0" tests="4" name="User.ChangeUserPassword" time="14.129" errors="0" timestamp="2023-08-02T10:28:37 IST" skipped="0">
  <testcase classname="User.ChangeUserPassword" name="RememberMe" time="4.943"/>
  <testcase classname="User.ChangeUserPassword" name="GotoUser" time="2.151"/>
  <testcase classname="User.ChangeUserPassword" name="ChangePassword" time="6.030"/>
  <testcase classname="User.ChangeUserPassword" name="CheckLoginWithChangedPassword" time="1.005"/>
</testsuite> <!-- User.ChangeUserPassword -->
