<?xml version="1.0" encoding="UTF-8"?>
<!-- Generated by org.testng.reporters.JUnitReportReporter -->
<testsuite hostname="DESKTOP-FF2F2R1" failures="0" tests="5" name="User.EditTheRole" time="15.572" errors="0" timestamp="2023-07-29T17:54:02 IST" skipped="0">
  <testcase classname="User.EditTheRole" name="RememberMe" time="5.847"/>
  <testcase classname="User.EditTheRole" name="GotoUser" time="1.926"/>
  <testcase classname="User.EditTheRole" name="FillupTheForm" time="3.893"/>
  <testcase classname="User.EditTheRole" name="DataVerification" time="2.235"/>
  <testcase classname="User.EditTheRole" name="EditApplication" time="1.671"/>
</testsuite> <!-- User.EditTheRole -->
