<?xml version="1.0" encoding="UTF-8"?>
<!-- Generated by org.testng.reporters.JUnitReportReporter -->
<testsuite hostname="DESKTOP-FF2F2R1" failures="0" tests="4" name="User.ChangeUserPassword" time="14.430" errors="0" timestamp="2023-08-01T11:24:13 IST" skipped="0">
  <testcase classname="User.ChangeUserPassword" name="RememberMe" time="5.270"/>
  <testcase classname="User.ChangeUserPassword" name="GotoUser" time="2.290"/>
  <testcase classname="User.ChangeUserPassword" name="ChangePassword" time="5.879"/>
  <testcase classname="User.ChangeUserPassword" name="CheckLoginWithChangedPassword" time="0.991"/>
</testsuite> <!-- User.ChangeUserPassword -->
