<?xml version="1.0" encoding="UTF-8"?>
<!-- Generated by org.testng.reporters.JUnitReportReporter -->
<testsuite hostname="DESKTOP-FF2F2R1" failures="0" tests="2" name="ClientCreation.SearchClient" time="53.412" errors="0" timestamp="2023-08-02T11:09:55 IST" skipped="0">
  <testcase classname="ClientCreation.SearchClient" name="RememberMe" time="51.472"/>
  <testcase classname="ClientCreation.SearchClient" name="Search" time="1.940"/>
</testsuite> <!-- ClientCreation.SearchClient -->
