<?xml version="1.0" encoding="UTF-8"?>
<!-- Generated by org.testng.reporters.JUnitReportReporter -->
<testsuite hostname="Basavaraj-Dannannavar" failures="0" tests="4" name="SingleCollateralCompletionTestCases.RequestMovementAbandonByFO" time="54.861" errors="0" timestamp="2023-11-11T11:38:34 IST" skipped="0">
  <testcase classname="SingleCollateralCompletionTestCases.RequestMovementAbandonByFO" name="Browser" time="3.503"/>
  <system-out/>
  <testcase classname="SingleCollateralCompletionTestCases.RequestMovementAbandonByFO" name="Login" time="6.733"/>
  <system-out/>
  <testcase classname="SingleCollateralCompletionTestCases.RequestMovementAbandonByFO" name="StartTrip" time="17.429"/>
  <system-out/>
  <testcase classname="SingleCollateralCompletionTestCases.RequestMovementAbandonByFO" name="TrackOngoingTrip" time="27.196"/>
  <system-out/>
</testsuite> <!-- SingleCollateralCompletionTestCases.RequestMovementAbandonByFO -->
