<?xml version="1.0" encoding="UTF-8"?>
<!-- Generated by org.testng.reporters.JUnitReportReporter -->
<testsuite hostname="DESKTOP-1BVCN2G" failures="0" tests="3" name="RejectChargeConfirmation.RejectChargeConfirmationByBM" time="27.510" errors="0" timestamp="2023-06-19T15:04:46 IST" skipped="0">
  <testcase classname="RejectChargeConfirmation.RejectChargeConfirmationByBM" name="Browser" time="1.134"/>
  <system-out/>
  <testcase classname="RejectChargeConfirmation.RejectChargeConfirmationByBM" name="Login" time="6.393"/>
  <system-out/>
  <testcase classname="RejectChargeConfirmation.RejectChargeConfirmationByBM" name="OpenCharges" time="19.983"/>
  <system-out/>
</testsuite> <!-- RejectChargeConfirmation.RejectChargeConfirmationByBM -->
