<?xml version="1.0" encoding="UTF-8"?>
<!-- Generated by org.testng.reporters.JUnitReportReporter -->
<testsuite hostname="Basavaraj-Dannannavar" failures="0" tests="5" name="SingleCollateralCompletionTestCases.DraftCollateralSubmission" time="86.483" errors="0" timestamp="2023-11-11T17:47:41 IST" skipped="0">
  <testcase classname="SingleCollateralCompletionTestCases.DraftCollateralSubmission" name="Login" time="9.717"/>
  <system-out/>
  <testcase classname="SingleCollateralCompletionTestCases.DraftCollateralSubmission" name="GotoCollateral" time="12.446"/>
  <system-out/>
  <testcase classname="SingleCollateralCompletionTestCases.DraftCollateralSubmission" name="NewOrnamentAddition" time="35.668"/>
  <system-out/>
  <testcase classname="SingleCollateralCompletionTestCases.DraftCollateralSubmission" name="SubmitCollateral" time="27.623"/>
  <system-out/>
  <testcase classname="SingleCollateralCompletionTestCases.DraftCollateralSubmission" name="CloseBrowser" time="1.029"/>
  <system-out/>
</testsuite> <!-- SingleCollateralCompletionTestCases.DraftCollateralSubmission -->
