<?xml version="1.0" encoding="UTF-8"?>
<!-- Generated by org.testng.reporters.JUnitReportReporter -->
<testsuite hostname="Basavaraj-Dannannavar" failures="0" tests="5" name="SingleCollateralCompletionTestCases.RequestMovementCompletionByFO1" time="48.224" errors="0" timestamp="2023-11-11T13:49:54 IST" skipped="0">
  <testcase classname="SingleCollateralCompletionTestCases.RequestMovementCompletionByFO1" name="Browser" time="1.145"/>
  <system-out/>
  <testcase classname="SingleCollateralCompletionTestCases.RequestMovementCompletionByFO1" name="Login" time="8.132"/>
  <system-out/>
  <testcase classname="SingleCollateralCompletionTestCases.RequestMovementCompletionByFO1" name="StartTrip" time="16.141"/>
  <system-out/>
  <testcase classname="SingleCollateralCompletionTestCases.RequestMovementCompletionByFO1" name="TrackOngoingTrip" time="22.396"/>
  <system-out/>
  <testcase classname="SingleCollateralCompletionTestCases.RequestMovementCompletionByFO1" name="CloseBrowser" time="0.410"/>
  <system-out/>
</testsuite> <!-- SingleCollateralCompletionTestCases.RequestMovementCompletionByFO1 -->
