<?xml version="1.0" encoding="UTF-8"?>
<!-- Generated by org.testng.reporters.JUnitReportReporter -->
<testsuite hostname="DESKTOP-1BVCN2G" failures="0" tests="4" name="RejectCollateralRelease.ChargeConfirmationByBM" time="25.832" errors="0" timestamp="2023-06-19T14:59:07 IST" skipped="0">
  <testcase classname="RejectCollateralRelease.ChargeConfirmationByBM" name="Browser" time="1.149"/>
  <system-out/>
  <testcase classname="RejectCollateralRelease.ChargeConfirmationByBM" name="Login" time="6.339"/>
  <system-out/>
  <testcase classname="RejectCollateralRelease.ChargeConfirmationByBM" name="OpenCharges" time="18.179"/>
  <system-out/>
  <testcase classname="RejectCollateralRelease.ChargeConfirmationByBM" name="CloseBrowser" time="0.165"/>
  <system-out/>
</testsuite> <!-- RejectCollateralRelease.ChargeConfirmationByBM -->
