<?xml version="1.0" encoding="UTF-8"?>
<!-- Generated by org.testng.reporters.JUnitReportReporter -->
<testsuite hostname="Basavaraj-Dannannavar" failures="0" tests="4" name="SingleCollateralCompletionTestCases.CancelChargeAfterMovement" time="35.556" errors="0" timestamp="2023-11-11T13:49:54 IST" skipped="0">
  <testcase classname="SingleCollateralCompletionTestCases.CancelChargeAfterMovement" name="Browser" time="1.445"/>
  <system-out/>
  <testcase classname="SingleCollateralCompletionTestCases.CancelChargeAfterMovement" name="Login" time="7.755"/>
  <system-out/>
  <testcase classname="SingleCollateralCompletionTestCases.CancelChargeAfterMovement" name="CancelChargeRequest" time="25.997"/>
  <system-out/>
  <testcase classname="SingleCollateralCompletionTestCases.CancelChargeAfterMovement" name="CloseBrowser" time="0.359"/>
  <system-out/>
</testsuite> <!-- SingleCollateralCompletionTestCases.CancelChargeAfterMovement -->
