<?xml version="1.0" encoding="UTF-8"?>
<!-- Generated by org.testng.reporters.JUnitReportReporter -->
<testsuite hostname="Basavaraj-Dannannavar" failures="0" tests="5" name="SingleCollateralCompletionTestCases.ChargeReleaseRequestByBM" time="59.948" errors="0" timestamp="2023-11-05T16:22:49 IST" skipped="0">
  <testcase classname="SingleCollateralCompletionTestCases.ChargeReleaseRequestByBM" name="Browser" time="1.501"/>
  <system-out/>
  <testcase classname="SingleCollateralCompletionTestCases.ChargeReleaseRequestByBM" name="Login" time="11.305"/>
  <system-out/>
  <testcase classname="SingleCollateralCompletionTestCases.ChargeReleaseRequestByBM" name="ChargeReleaseForm" time="20.348"/>
  <system-out/>
  <testcase classname="SingleCollateralCompletionTestCases.ChargeReleaseRequestByBM" name="RequestClosure" time="26.472"/>
  <system-out/>
  <testcase classname="SingleCollateralCompletionTestCases.ChargeReleaseRequestByBM" name="CloseBrowser" time="0.322"/>
  <system-out/>
</testsuite> <!-- SingleCollateralCompletionTestCases.ChargeReleaseRequestByBM -->
