<?xml version="1.0" encoding="UTF-8"?>
<!-- Generated by org.testng.reporters.JUnitReportReporter -->
<testsuite hostname="Basavaraj-Dannannavar" failures="0" tests="4" name="RejectCollateralRelease.ApproveCollateralByBM" time="51.381" errors="0" timestamp="2023-11-05T11:09:13 IST" skipped="0">
  <testcase classname="RejectCollateralRelease.ApproveCollateralByBM" name="Browser" time="1.489"/>
  <system-out/>
  <testcase classname="RejectCollateralRelease.ApproveCollateralByBM" name="Login" time="7.284"/>
  <system-out/>
  <testcase classname="RejectCollateralRelease.ApproveCollateralByBM" name="CollateralAdditionLink" time="42.199"/>
  <system-out/>
  <testcase classname="RejectCollateralRelease.ApproveCollateralByBM" name="CloseBrowser" time="0.409"/>
  <system-out/>
</testsuite> <!-- RejectCollateralRelease.ApproveCollateralByBM -->
