<?xml version="1.0" encoding="UTF-8"?>
<!-- Generated by org.testng.reporters.JUnitReportReporter -->
<testsuite hostname="Basavaraj-Dannannavar" failures="0" tests="4" name="RejectChargeConfirmation.ChargeAndMovementRequestByBM" time="52.045" errors="0" timestamp="2023-11-05T11:18:16 IST" skipped="0">
  <testcase classname="RejectChargeConfirmation.ChargeAndMovementRequestByBM" name="Browser" time="1.839"/>
  <system-out/>
  <testcase classname="RejectChargeConfirmation.ChargeAndMovementRequestByBM" name="Login" time="4.187"/>
  <system-out/>
  <testcase classname="RejectChargeConfirmation.ChargeAndMovementRequestByBM" name="SearchCollateral" time="13.260"/>
  <system-out/>
  <testcase classname="RejectChargeConfirmation.ChargeAndMovementRequestByBM" name="ChargeRequestFormFillup" time="32.759"/>
  <system-out/>
</testsuite> <!-- RejectChargeConfirmation.ChargeAndMovementRequestByBM -->
