<?xml version="1.0" encoding="UTF-8"?>
<!-- Generated by org.testng.reporters.JUnitReportReporter -->
<testsuite hostname="DESKTOP-FF2F2R1" failures="0" tests="4" name="SingleCollateralCompletionTestCases.ChargeConfirmationByBM" time="31.241" errors="0" timestamp="2023-10-17T14:41:20 IST" skipped="0">
  <testcase classname="SingleCollateralCompletionTestCases.ChargeConfirmationByBM" name="Browser" time="1.207"/>
  <system-out/>
  <testcase classname="SingleCollateralCompletionTestCases.ChargeConfirmationByBM" name="Login" time="6.314"/>
  <system-out/>
  <testcase classname="SingleCollateralCompletionTestCases.ChargeConfirmationByBM" name="OpenCharges" time="23.180"/>
  <system-out/>
  <testcase classname="SingleCollateralCompletionTestCases.ChargeConfirmationByBM" name="CloseBrowser" time="0.540"/>
  <system-out/>
</testsuite> <!-- SingleCollateralCompletionTestCases.ChargeConfirmationByBM -->
