<?xml version="1.0" encoding="UTF-8"?>
<!-- Generated by org.testng.reporters.JUnitReportReporter -->
<testsuite hostname="Basavaraj-Dannannavar" failures="0" tests="5" name="RejectCollateralRelease.RequestMovementCompletionByFO" time="58.326" errors="0" timestamp="2023-11-05T11:09:13 IST" skipped="0">
  <testcase classname="RejectCollateralRelease.RequestMovementCompletionByFO" name="Browser" time="1.225"/>
  <system-out/>
  <testcase classname="RejectCollateralRelease.RequestMovementCompletionByFO" name="Login" time="9.868"/>
  <system-out/>
  <testcase classname="RejectCollateralRelease.RequestMovementCompletionByFO" name="StartTrip" time="19.137"/>
  <system-out/>
  <testcase classname="RejectCollateralRelease.RequestMovementCompletionByFO" name="TrackOngoingTrip" time="27.642"/>
  <system-out/>
  <testcase classname="RejectCollateralRelease.RequestMovementCompletionByFO" name="CloseBrowser" time="0.454"/>
  <system-out/>
</testsuite> <!-- RejectCollateralRelease.RequestMovementCompletionByFO -->
