<?xml version="1.0" encoding="UTF-8"?>
<!-- Generated by org.testng.reporters.JUnitReportReporter -->
<testsuite hostname="Basavaraj-Dannannavar" failures="0" tests="5" name="RejectChargeConfirmation.RequestMovementCompletionByFO" time="62.577" errors="0" timestamp="2023-11-05T11:18:16 IST" skipped="0">
  <testcase classname="RejectChargeConfirmation.RequestMovementCompletionByFO" name="Browser" time="1.701"/>
  <system-out/>
  <testcase classname="RejectChargeConfirmation.RequestMovementCompletionByFO" name="Login" time="11.777"/>
  <system-out/>
  <testcase classname="RejectChargeConfirmation.RequestMovementCompletionByFO" name="StartTrip" time="17.644"/>
  <system-out/>
  <testcase classname="RejectChargeConfirmation.RequestMovementCompletionByFO" name="TrackOngoingTrip" time="31.038"/>
  <system-out/>
  <testcase classname="RejectChargeConfirmation.RequestMovementCompletionByFO" name="CloseBrowser" time="0.417"/>
  <system-out/>
</testsuite> <!-- RejectChargeConfirmation.RequestMovementCompletionByFO -->
