<?xml version="1.0" encoding="UTF-8"?>
<!-- Generated by org.testng.reporters.JUnitReportReporter -->
<testsuite hostname="DESKTOP-1BVCN2G" failures="0" tests="7" name="RejectCollateralRelease.AddCollateral" time="149.622" errors="0" timestamp="2023-06-08T11:52:46 IST" skipped="0">
  <testcase classname="RejectCollateralRelease.AddCollateral" name="Browser" time="4.315"/>
  <system-out/>
  <testcase classname="RejectCollateralRelease.AddCollateral" name="Login" time="6.756"/>
  <system-out/>
  <testcase classname="RejectCollateralRelease.AddCollateral" name="AddCollaterl" time="14.556"/>
  <system-out/>
  <testcase classname="RejectCollateralRelease.AddCollateral" name="AddPacketWithoutPacketID" time="2.832"/>
  <system-out/>
  <testcase classname="RejectCollateralRelease.AddCollateral" name="AddOrnaments" time="71.330"/>
  <system-out/>
  <testcase classname="RejectCollateralRelease.AddCollateral" name="SubmitCollateral" time="49.572"/>
  <system-out/>
  <testcase classname="RejectCollateralRelease.AddCollateral" name="CloseBrowser" time="0.261"/>
  <system-out/>
</testsuite> <!-- RejectCollateralRelease.AddCollateral -->
