<?xml version="1.0" encoding="UTF-8"?>
<!-- Generated by org.testng.reporters.JUnitReportReporter -->
<testsuite hostname="DESKTOP-1BVCN2G" failures="0" tests="5" name="RejectCollateralRelease.ReleaseMovementComplete" time="64.407" errors="0" timestamp="2023-06-19T14:59:07 IST" skipped="0">
  <testcase classname="RejectCollateralRelease.ReleaseMovementComplete" name="Browser" time="1.168"/>
  <system-out/>
  <testcase classname="RejectCollateralRelease.ReleaseMovementComplete" name="Login" time="6.317"/>
  <system-out/>
  <testcase classname="RejectCollateralRelease.ReleaseMovementComplete" name="StartTrip" time="16.315"/>
  <system-out/>
  <testcase classname="RejectCollateralRelease.ReleaseMovementComplete" name="TrackOngoingTrip" time="40.444"/>
  <system-out/>
  <testcase classname="RejectCollateralRelease.ReleaseMovementComplete" name="CloseBrowser" time="0.163"/>
  <system-out/>
</testsuite> <!-- RejectCollateralRelease.ReleaseMovementComplete -->
