<?xml version="1.0" encoding="UTF-8"?>
<!-- Generated by org.testng.reporters.JUnitReportReporter -->
<testsuite hostname="Basavaraj-Dannannavar" failures="0" tests="5" name="SingleCollateralCompletionTestCases.ChargeAndMovementRequestByBM1" time="49.615" errors="0" timestamp="2023-11-11T13:49:54 IST" skipped="0">
  <testcase classname="SingleCollateralCompletionTestCases.ChargeAndMovementRequestByBM1" name="Browser" time="1.185"/>
  <system-out/>
  <testcase classname="SingleCollateralCompletionTestCases.ChargeAndMovementRequestByBM1" name="Login" time="4.574"/>
  <system-out/>
  <testcase classname="SingleCollateralCompletionTestCases.ChargeAndMovementRequestByBM1" name="SearchCollateral" time="12.576"/>
  <system-out/>
  <testcase classname="SingleCollateralCompletionTestCases.ChargeAndMovementRequestByBM1" name="ChargeRequestFormFillup" time="30.943"/>
  <system-out/>
  <testcase classname="SingleCollateralCompletionTestCases.ChargeAndMovementRequestByBM1" name="CloseBrowser" time="0.337"/>
  <system-out/>
</testsuite> <!-- SingleCollateralCompletionTestCases.ChargeAndMovementRequestByBM1 -->
