<?xml version="1.0" encoding="UTF-8"?>
<!-- Generated by org.testng.reporters.JUnitReportReporter -->
<testsuite hostname="Basavaraj-Dannannavar" failures="0" tests="4" name="SingleCollateralCompletionTestCases.ApproveCollateralByBM" time="49.576" errors="0" timestamp="2023-11-11T13:49:54 IST" skipped="0">
  <testcase classname="SingleCollateralCompletionTestCases.ApproveCollateralByBM" name="Browser" time="1.402"/>
  <system-out/>
  <testcase classname="SingleCollateralCompletionTestCases.ApproveCollateralByBM" name="Login" time="6.739"/>
  <system-out/>
  <testcase classname="SingleCollateralCompletionTestCases.ApproveCollateralByBM" name="CollateralAdditionLink" time="41.014"/>
  <system-out/>
  <testcase classname="SingleCollateralCompletionTestCases.ApproveCollateralByBM" name="CloseBrowser" time="0.421"/>
  <system-out/>
</testsuite> <!-- SingleCollateralCompletionTestCases.ApproveCollateralByBM -->
