<?xml version="1.0" encoding="UTF-8"?>
<!-- Generated by org.testng.reporters.JUnitReportReporter -->
<testsuite hostname="Basavaraj-Dannannavar" failures="0" tests="4" name="SingleCollateralCompletionTestCases.CollateralRelease" time="38.472" errors="0" timestamp="2023-11-05T16:22:49 IST" skipped="0">
  <testcase classname="SingleCollateralCompletionTestCases.CollateralRelease" name="Browser" time="1.049"/>
  <system-out/>
  <testcase classname="SingleCollateralCompletionTestCases.CollateralRelease" name="Login" time="8.091"/>
  <system-out/>
  <testcase classname="SingleCollateralCompletionTestCases.CollateralRelease" name="CollateralRelease" time="28.914"/>
  <system-out/>
  <testcase classname="SingleCollateralCompletionTestCases.CollateralRelease" name="CloseBrowser" time="0.418"/>
  <system-out/>
</testsuite> <!-- SingleCollateralCompletionTestCases.CollateralRelease -->
