<?xml version="1.0" encoding="UTF-8"?>
<!-- Generated by org.testng.reporters.JUnitReportReporter -->
<testsuite hostname="DESKTOP-FF2F2R1" failures="0" tests="5" name="SingleCollateralCompletionTestCases.ChargeReleaseRequestByBM" time="55.042" errors="0" timestamp="2023-10-17T14:41:20 IST" skipped="0">
  <testcase classname="SingleCollateralCompletionTestCases.ChargeReleaseRequestByBM" name="Browser" time="1.261"/>
  <system-out/>
  <testcase classname="SingleCollateralCompletionTestCases.ChargeReleaseRequestByBM" name="Login" time="6.451"/>
  <system-out/>
  <testcase classname="SingleCollateralCompletionTestCases.ChargeReleaseRequestByBM" name="ChargeReleaseForm" time="20.360"/>
  <system-out/>
  <testcase classname="SingleCollateralCompletionTestCases.ChargeReleaseRequestByBM" name="RequestClosure" time="26.450"/>
  <system-out/>
  <testcase classname="SingleCollateralCompletionTestCases.ChargeReleaseRequestByBM" name="CloseBrowser" time="0.520"/>
  <system-out/>
</testsuite> <!-- SingleCollateralCompletionTestCases.ChargeReleaseRequestByBM -->
