<?xml version="1.0" encoding="UTF-8"?>
<!-- Generated by org.testng.reporters.JUnitReportReporter -->
<testsuite hostname="Basavaraj-Dannannavar" failures="0" tests="5" name="RejectCollateralRelease.ChargeReleaseRequestByBM" time="58.221" errors="0" timestamp="2023-11-05T11:09:13 IST" skipped="0">
  <testcase classname="RejectCollateralRelease.ChargeReleaseRequestByBM" name="Browser" time="1.638"/>
  <system-out/>
  <testcase classname="RejectCollateralRelease.ChargeReleaseRequestByBM" name="Login" time="7.203"/>
  <system-out/>
  <testcase classname="RejectCollateralRelease.ChargeReleaseRequestByBM" name="ChargeReleaseForm" time="22.448"/>
  <system-out/>
  <testcase classname="RejectCollateralRelease.ChargeReleaseRequestByBM" name="RequestClosure" time="26.569"/>
  <system-out/>
  <testcase classname="RejectCollateralRelease.ChargeReleaseRequestByBM" name="CloseBrowser" time="0.363"/>
  <system-out/>
</testsuite> <!-- RejectCollateralRelease.ChargeReleaseRequestByBM -->
