<?xml version="1.0" encoding="UTF-8"?>
<!-- Generated by org.testng.reporters.JUnitReportReporter -->
<testsuite hostname="DESKTOP-1BVCN2G" failures="0" tests="5" name="RejectChargeConfirmation.RequestMovementCompletionByFO" time="46.151" errors="0" timestamp="2023-06-19T15:04:46 IST" skipped="0">
  <testcase classname="RejectChargeConfirmation.RequestMovementCompletionByFO" name="Browser" time="1.133"/>
  <system-out/>
  <testcase classname="RejectChargeConfirmation.RequestMovementCompletionByFO" name="Login" time="6.516"/>
  <system-out/>
  <testcase classname="RejectChargeConfirmation.RequestMovementCompletionByFO" name="StartTrip" time="16.016"/>
  <system-out/>
  <testcase classname="RejectChargeConfirmation.RequestMovementCompletionByFO" name="TrackOngoingTrip" time="22.323"/>
  <system-out/>
  <testcase classname="RejectChargeConfirmation.RequestMovementCompletionByFO" name="CloseBrowser" time="0.163"/>
  <system-out/>
</testsuite> <!-- RejectChargeConfirmation.RequestMovementCompletionByFO -->
