<?xml version="1.0" encoding="UTF-8"?>
<!-- Generated by org.testng.reporters.JUnitReportReporter -->
<testsuite hostname="DESKTOP-1BVCN2G" failures="0" tests="4" name="NegativeTestCases.discardCollateral" time="21.213" errors="0" timestamp="2023-06-19T15:29:25 IST" skipped="0">
  <testcase classname="NegativeTestCases.discardCollateral" name="Browser" time="2.392"/>
  <system-out/>
  <testcase classname="NegativeTestCases.discardCollateral" name="Login" time="6.536"/>
  <system-out/>
  <testcase classname="NegativeTestCases.discardCollateral" name="discardCollateral" time="12.096"/>
  <system-out/>
  <testcase classname="NegativeTestCases.discardCollateral" name="CloseBrowser" time="0.189"/>
  <system-out/>
</testsuite> <!-- NegativeTestCases.discardCollateral -->
