<?xml version="1.0" encoding="UTF-8"?>
<!-- Generated by org.testng.reporters.JUnitReportReporter -->
<testsuite hostname="Basavaraj-Dannannavar" failures="0" tests="4" name="SingleCollateralCompletionTestCases.ChargeConfirmationByBM" time="36.814" errors="0" timestamp="2023-11-05T16:22:49 IST" skipped="0">
  <testcase classname="SingleCollateralCompletionTestCases.ChargeConfirmationByBM" name="Browser" time="1.220"/>
  <system-out/>
  <testcase classname="SingleCollateralCompletionTestCases.ChargeConfirmationByBM" name="Login" time="9.678"/>
  <system-out/>
  <testcase classname="SingleCollateralCompletionTestCases.ChargeConfirmationByBM" name="OpenCharges" time="25.546"/>
  <system-out/>
  <testcase classname="SingleCollateralCompletionTestCases.ChargeConfirmationByBM" name="CloseBrowser" time="0.370"/>
  <system-out/>
</testsuite> <!-- SingleCollateralCompletionTestCases.ChargeConfirmationByBM -->
