<?xml version="1.0" encoding="UTF-8"?>
<!-- Generated by org.testng.reporters.JUnitReportReporter -->
<testsuite hostname="DESKTOP-1BVCN2G" failures="0" tests="3" name="RejectChargeConfirmation.ChargeConfirmationByBM" time="32.337" errors="0" timestamp="2023-05-24T23:01:31 IST" skipped="0">
  <testcase classname="RejectChargeConfirmation.ChargeConfirmationByBM" name="Browser" time="3.313"/>
  <system-out/>
  <testcase classname="RejectChargeConfirmation.ChargeConfirmationByBM" name="Login" time="7.397"/>
  <system-out/>
  <testcase classname="RejectChargeConfirmation.ChargeConfirmationByBM" name="OpenCharges" time="21.627"/>
  <system-out/>
</testsuite> <!-- RejectChargeConfirmation.ChargeConfirmationByBM -->
