<?xml version="1.0" encoding="UTF-8"?>
<!-- Generated by org.testng.reporters.JUnitReportReporter -->
<testsuite hostname="DESKTOP-1BVCN2G" failures="0" tests="1" name="SingleCollateralCompletionTestCases.Custom" time="0.021" errors="0" timestamp="2023-05-28T22:47:17 IST" skipped="0">
  <testcase classname="SingleCollateralCompletionTestCases.Custom" name="l3" time="0.021"/>
  <system-out/>
</testsuite> <!-- SingleCollateralCompletionTestCases.Custom -->
