<?xml version="1.0" encoding="UTF-8"?>
<!-- Generated by org.testng.reporters.JUnitReportReporter -->
<testsuite hostname="DESKTOP-1BVCN2G" failures="0" tests="4" name="AuditMaster.AuditCompletionByAuditor" time="77.108" errors="0" timestamp="2023-05-24T11:42:40 IST" skipped="0">
  <testcase classname="AuditMaster.AuditCompletionByAuditor" name="Browser" time="3.717"/>
  <system-out/>
  <testcase classname="AuditMaster.AuditCompletionByAuditor" name="Login" time="6.685"/>
  <system-out/>
  <testcase classname="AuditMaster.AuditCompletionByAuditor" name="OpenPendingAudits" time="66.703"/>
  <system-out/>
  <testcase classname="AuditMaster.AuditCompletionByAuditor" name="CloseBrowser" time="0.003"/>
  <system-out/>
</testsuite> <!-- AuditMaster.AuditCompletionByAuditor -->
