<?xml version="1.0" encoding="UTF-8"?>
<!-- Generated by org.testng.reporters.JUnitReportReporter -->
<testsuite hostname="DESKTOP-1BVCN2G" failures="0" tests="5" name="RejectCollateralRelease.RequestChargeConfirmationByFO" time="75.245" errors="0" timestamp="2023-06-19T14:59:07 IST" skipped="0">
  <testcase classname="RejectCollateralRelease.RequestChargeConfirmationByFO" name="Browser" time="1.253"/>
  <system-out/>
  <testcase classname="RejectCollateralRelease.RequestChargeConfirmationByFO" name="Login" time="6.227"/>
  <system-out/>
  <testcase classname="RejectCollateralRelease.RequestChargeConfirmationByFO" name="ChargeFormOpen" time="25.936"/>
  <system-out/>
  <testcase classname="RejectCollateralRelease.RequestChargeConfirmationByFO" name="ChargeFillup" time="41.650"/>
  <system-out/>
  <testcase classname="RejectCollateralRelease.RequestChargeConfirmationByFO" name="CloseBrowser" time="0.179"/>
  <system-out/>
</testsuite> <!-- RejectCollateralRelease.RequestChargeConfirmationByFO -->
