<?xml version="1.0" encoding="UTF-8"?>
<!-- Generated by org.testng.reporters.JUnitReportReporter -->
<testsuite hostname="Basavaraj-Dannannavar" failures="0" tests="5" name="SingleCollateralCompletionTestCases.RequestMovementStartTripByFO" time="40.731" errors="0" timestamp="2023-11-11T13:49:54 IST" skipped="0">
  <testcase classname="SingleCollateralCompletionTestCases.RequestMovementStartTripByFO" name="Browser" time="1.466"/>
  <system-out/>
  <testcase classname="SingleCollateralCompletionTestCases.RequestMovementStartTripByFO" name="Login" time="6.708"/>
  <system-out/>
  <testcase classname="SingleCollateralCompletionTestCases.RequestMovementStartTripByFO" name="StartTrip" time="17.010"/>
  <system-out/>
  <testcase classname="SingleCollateralCompletionTestCases.RequestMovementStartTripByFO" name="TrackOngoingTrip" time="15.233"/>
  <system-out/>
  <testcase classname="SingleCollateralCompletionTestCases.RequestMovementStartTripByFO" name="CloseBrowser" time="0.314"/>
  <system-out/>
</testsuite> <!-- SingleCollateralCompletionTestCases.RequestMovementStartTripByFO -->
