<?xml version="1.0" encoding="UTF-8"?>
<!-- Generated by org.testng.reporters.JUnitReportReporter -->
<testsuite hostname="Basavaraj-Dannannavar" failures="0" tests="5" name="SingleCollateralCompletionTestCases.RequestMovementCompletionByFO" time="50.042" errors="0" timestamp="2023-11-11T13:49:54 IST" skipped="0">
  <testcase classname="SingleCollateralCompletionTestCases.RequestMovementCompletionByFO" name="Browser" time="1.582"/>
  <system-out/>
  <testcase classname="SingleCollateralCompletionTestCases.RequestMovementCompletionByFO" name="Login" time="9.271"/>
  <system-out/>
  <testcase classname="SingleCollateralCompletionTestCases.RequestMovementCompletionByFO" name="StartTrip" time="16.387"/>
  <system-out/>
  <testcase classname="SingleCollateralCompletionTestCases.RequestMovementCompletionByFO" name="TrackOngoingTrip" time="22.394"/>
  <system-out/>
  <testcase classname="SingleCollateralCompletionTestCases.RequestMovementCompletionByFO" name="CloseBrowser" time="0.408"/>
  <system-out/>
</testsuite> <!-- SingleCollateralCompletionTestCases.RequestMovementCompletionByFO -->
