<?xml version="1.0" encoding="UTF-8"?>
<!-- Generated by org.testng.reporters.JUnitReportReporter -->
<testsuite hostname="DESKTOP-FF2F2R1" failures="0" tests="5" name="SingleCollateralCompletionTestCases.RequestChargeConfirmationByFO" time="66.331" errors="0" timestamp="2023-10-17T14:41:20 IST" skipped="0">
  <testcase classname="SingleCollateralCompletionTestCases.RequestChargeConfirmationByFO" name="Browser" time="1.343"/>
  <system-out/>
  <testcase classname="SingleCollateralCompletionTestCases.RequestChargeConfirmationByFO" name="Login" time="6.591"/>
  <system-out/>
  <testcase classname="SingleCollateralCompletionTestCases.RequestChargeConfirmationByFO" name="ChargeFormOpen" time="30.866"/>
  <system-out/>
  <testcase classname="SingleCollateralCompletionTestCases.RequestChargeConfirmationByFO" name="ChargeFillup" time="26.983"/>
  <system-out/>
  <testcase classname="SingleCollateralCompletionTestCases.RequestChargeConfirmationByFO" name="CloseBrowser" time="0.548"/>
  <system-out/>
</testsuite> <!-- SingleCollateralCompletionTestCases.RequestChargeConfirmationByFO -->
