<?xml version="1.0" encoding="UTF-8"?>
<!-- Generated by org.testng.reporters.JUnitReportReporter -->
<testsuite hostname="Basavaraj-Dannannavar" failures="0" tests="5" name="SingleCollateralCompletionTestCases.ChargeReleaseRequestByBM" time="55.029" errors="0" timestamp="2023-11-11T13:49:54 IST" skipped="0">
  <testcase classname="SingleCollateralCompletionTestCases.ChargeReleaseRequestByBM" name="Browser" time="1.054"/>
  <system-out/>
  <testcase classname="SingleCollateralCompletionTestCases.ChargeReleaseRequestByBM" name="Login" time="6.634"/>
  <system-out/>
  <testcase classname="SingleCollateralCompletionTestCases.ChargeReleaseRequestByBM" name="ChargeReleaseForm" time="20.521"/>
  <system-out/>
  <testcase classname="SingleCollateralCompletionTestCases.ChargeReleaseRequestByBM" name="RequestClosure" time="26.452"/>
  <system-out/>
  <testcase classname="SingleCollateralCompletionTestCases.ChargeReleaseRequestByBM" name="CloseBrowser" time="0.368"/>
  <system-out/>
</testsuite> <!-- SingleCollateralCompletionTestCases.ChargeReleaseRequestByBM -->
