<?xml version="1.0" encoding="UTF-8"?>
<!-- Generated by org.testng.reporters.JUnitReportReporter -->
<testsuite hostname="DESKTOP-1BVCN2G" failures="0" tests="4" name="RejectCollateralRelease.ApproveCollateralByBM" time="59.128" errors="0" timestamp="2023-06-19T14:59:07 IST" skipped="0">
  <testcase classname="RejectCollateralRelease.ApproveCollateralByBM" name="Browser" time="2.862"/>
  <system-out/>
  <testcase classname="RejectCollateralRelease.ApproveCollateralByBM" name="Login" time="7.975"/>
  <system-out/>
  <testcase classname="RejectCollateralRelease.ApproveCollateralByBM" name="CollateralAdditionLink" time="48.104"/>
  <system-out/>
  <testcase classname="RejectCollateralRelease.ApproveCollateralByBM" name="CloseBrowser" time="0.187"/>
  <system-out/>
</testsuite> <!-- RejectCollateralRelease.ApproveCollateralByBM -->
