<?xml version="1.0" encoding="UTF-8"?>
<!-- Generated by org.testng.reporters.JUnitReportReporter -->
<testsuite hostname="DESKTOP-FF2F2R1" failures="0" tests="1" name="SingleCollateralCompletionTestCases.AddCollateral3" time="1.208" errors="0" timestamp="2023-10-17T12:25:16 IST" skipped="0">
  <testcase classname="SingleCollateralCompletionTestCases.AddCollateral3" name="Login" time="1.208"/>
  <system-out/>
</testsuite> <!-- SingleCollateralCompletionTestCases.AddCollateral3 -->
