<?xml version="1.0" encoding="UTF-8"?>
<!-- Generated by org.testng.reporters.JUnitReportReporter -->
<testsuite hostname="DESKTOP-1BVCN2G" failures="0" tests="1" name="BulkCollateralTestCases.hello" time="51.907" errors="0" timestamp="2023-05-21T23:52:24 IST" skipped="0">
  <testcase classname="BulkCollateralTestCases.hello" name="Login" time="51.907"/>
  <system-out/>
</testsuite> <!-- BulkCollateralTestCases.hello -->
