<?xml version="1.0" encoding="UTF-8"?>
<!-- Generated by org.testng.reporters.JUnitReportReporter -->
<testsuite hostname="DESKTOP-FF2F2R1" failures="0" tests="6" name="SingleCollateralCompletionTestCases.AddCollateral" time="66.690" errors="0" timestamp="2023-10-18T13:10:00 IST" skipped="0">
  <testcase classname="SingleCollateralCompletionTestCases.AddCollateral" name="Login" time="6.130"/>
  <system-out/>
  <testcase classname="SingleCollateralCompletionTestCases.AddCollateral" name="AddCollaterl" time="5.881"/>
  <system-out/>
  <testcase classname="SingleCollateralCompletionTestCases.AddCollateral" name="AddPacketWithPacketID" time="6.589"/>
  <system-out/>
  <testcase classname="SingleCollateralCompletionTestCases.AddCollateral" name="AddOrnaments" time="18.837"/>
  <system-out/>
  <testcase classname="SingleCollateralCompletionTestCases.AddCollateral" name="SubmitCollateral" time="28.386"/>
  <system-out/>
  <testcase classname="SingleCollateralCompletionTestCases.AddCollateral" name="CloseBrowser" time="0.867"/>
  <system-out/>
</testsuite> <!-- SingleCollateralCompletionTestCases.AddCollateral -->
