<?xml version="1.0" encoding="UTF-8"?>
<!-- Generated by org.testng.reporters.JUnitReportReporter -->
<testsuite hostname="Basavaraj-Dannannavar" failures="0" tests="5" name="SingleCollateralCompletionTestCases.ChargeAndMovementRequestByBM2" time="48.908" errors="0" timestamp="2023-11-11T13:49:54 IST" skipped="0">
  <testcase classname="SingleCollateralCompletionTestCases.ChargeAndMovementRequestByBM2" name="Browser" time="1.054"/>
  <system-out/>
  <testcase classname="SingleCollateralCompletionTestCases.ChargeAndMovementRequestByBM2" name="Login" time="3.939"/>
  <system-out/>
  <testcase classname="SingleCollateralCompletionTestCases.ChargeAndMovementRequestByBM2" name="SearchCollateral" time="12.718"/>
  <system-out/>
  <testcase classname="SingleCollateralCompletionTestCases.ChargeAndMovementRequestByBM2" name="ChargeRequestFormFillup" time="30.872"/>
  <system-out/>
  <testcase classname="SingleCollateralCompletionTestCases.ChargeAndMovementRequestByBM2" name="CloseBrowser" time="0.325"/>
  <system-out/>
</testsuite> <!-- SingleCollateralCompletionTestCases.ChargeAndMovementRequestByBM2 -->
