<?xml version="1.0" encoding="UTF-8"?>
<!-- Generated by org.testng.reporters.JUnitReportReporter -->
<testsuite hostname="Basavaraj-Dannannavar" failures="0" tests="4" name="cancelChargeRequestByBM.ChargeAndMovementRequestByBM" time="55.417" errors="0" timestamp="2023-11-05T11:30:23 IST" skipped="0">
  <testcase classname="cancelChargeRequestByBM.ChargeAndMovementRequestByBM" name="Browser" time="2.881"/>
  <system-out/>
  <testcase classname="cancelChargeRequestByBM.ChargeAndMovementRequestByBM" name="Login" time="4.308"/>
  <system-out/>
  <testcase classname="cancelChargeRequestByBM.ChargeAndMovementRequestByBM" name="SearchCollateral" time="13.181"/>
  <system-out/>
  <testcase classname="cancelChargeRequestByBM.ChargeAndMovementRequestByBM" name="ChargeRequestFormFillup" time="35.047"/>
  <system-out/>
</testsuite> <!-- cancelChargeRequestByBM.ChargeAndMovementRequestByBM -->
