<?xml version="1.0" encoding="UTF-8"?>
<!-- Generated by org.testng.reporters.JUnitReportReporter -->
<testsuite hostname="DESKTOP-1BVCN2G" failures="0" tests="7" name="Test1.AddCollateral" time="68.404" errors="0" timestamp="2023-06-08T16:33:18 IST" skipped="0">
  <testcase classname="Test1.AddCollateral" name="Browser" time="3.270"/>
  <system-out/>
  <testcase classname="Test1.AddCollateral" name="Login" time="1.362"/>
  <system-out/>
  <testcase classname="Test1.AddCollateral" name="AddCollaterl" time="11.340"/>
  <system-out/>
  <testcase classname="Test1.AddCollateral" name="AddPacketWithoutPacketID" time="0.682"/>
  <system-out/>
  <testcase classname="Test1.AddCollateral" name="AddOrnaments" time="30.080"/>
  <system-out/>
  <testcase classname="Test1.AddCollateral" name="SubmitCollateral" time="21.463"/>
  <system-out/>
  <testcase classname="Test1.AddCollateral" name="CloseBrowser" time="0.207"/>
  <system-out/>
</testsuite> <!-- Test1.AddCollateral -->
