<?xml version="1.0" encoding="UTF-8"?>
<!-- Generated by org.testng.reporters.JUnitReportReporter -->
<testsuite hostname="DESKTOP-1BVCN2G" failures="0" tests="4" name="RejectChargeClosure.RejectChargeClosureByBM" time="42.743" errors="0" timestamp="2023-05-24T23:17:31 IST" skipped="0">
  <testcase classname="RejectChargeClosure.RejectChargeClosureByBM" name="Browser" time="3.638"/>
  <system-out/>
  <testcase classname="RejectChargeClosure.RejectChargeClosureByBM" name="Login" time="7.670"/>
  <system-out/>
  <testcase classname="RejectChargeClosure.RejectChargeClosureByBM" name="ChargeClosure" time="31.212"/>
  <system-out/>
  <testcase classname="RejectChargeClosure.RejectChargeClosureByBM" name="CloseBrowser" time="0.223"/>
  <system-out/>
</testsuite> <!-- RejectChargeClosure.RejectChargeClosureByBM -->
