<?xml version="1.0" encoding="UTF-8"?>
<!-- Generated by org.testng.reporters.JUnitReportReporter -->
<testsuite hostname="Basavaraj-Dannannavar" failures="0" tests="5" name="SingleCollateralCompletionTestCases.RequestMovementCompletionByFO" time="49.688" errors="0" timestamp="2023-11-08T13:31:24 IST" skipped="0">
  <testcase classname="SingleCollateralCompletionTestCases.RequestMovementCompletionByFO" name="Browser" time="2.725"/>
  <system-out/>
  <testcase classname="SingleCollateralCompletionTestCases.RequestMovementCompletionByFO" name="Login" time="5.587"/>
  <system-out/>
  <testcase classname="SingleCollateralCompletionTestCases.RequestMovementCompletionByFO" name="StartTrip" time="16.901"/>
  <system-out/>
  <testcase classname="SingleCollateralCompletionTestCases.RequestMovementCompletionByFO" name="TrackOngoingTrip" time="23.851"/>
  <system-out/>
  <testcase classname="SingleCollateralCompletionTestCases.RequestMovementCompletionByFO" name="CloseBrowser" time="0.624"/>
  <system-out/>
</testsuite> <!-- SingleCollateralCompletionTestCases.RequestMovementCompletionByFO -->
