<?xml version="1.0" encoding="UTF-8"?>
<!-- Generated by org.testng.reporters.JUnitReportReporter -->
<testsuite hostname="DESKTOP-1BVCN2G" failures="0" tests="4" name="RejectCollateralRelease.RejectChargeClosureByBM" time="37.160" errors="0" timestamp="2023-06-19T14:59:07 IST" skipped="0">
  <testcase classname="RejectCollateralRelease.RejectChargeClosureByBM" name="Browser" time="1.162"/>
  <system-out/>
  <testcase classname="RejectCollateralRelease.RejectChargeClosureByBM" name="Login" time="6.177"/>
  <system-out/>
  <testcase classname="RejectCollateralRelease.RejectChargeClosureByBM" name="ChargeClosure" time="29.662"/>
  <system-out/>
  <testcase classname="RejectCollateralRelease.RejectChargeClosureByBM" name="CloseBrowser" time="0.159"/>
  <system-out/>
</testsuite> <!-- RejectCollateralRelease.RejectChargeClosureByBM -->
