<?xml version="1.0" encoding="UTF-8"?>
<!-- Generated by org.testng.reporters.JUnitReportReporter -->
<testsuite hostname="DESKTOP-1BVCN2G" failures="0" tests="4" name="RejectChargeConfirmation.ApproveCollateralByBM" time="49.797" errors="0" timestamp="2023-06-19T15:04:46 IST" skipped="0">
  <testcase classname="RejectChargeConfirmation.ApproveCollateralByBM" name="Browser" time="2.515"/>
  <system-out/>
  <testcase classname="RejectChargeConfirmation.ApproveCollateralByBM" name="Login" time="6.478"/>
  <system-out/>
  <testcase classname="RejectChargeConfirmation.ApproveCollateralByBM" name="CollateralAdditionLink" time="40.632"/>
  <system-out/>
  <testcase classname="RejectChargeConfirmation.ApproveCollateralByBM" name="CloseBrowser" time="0.172"/>
  <system-out/>
</testsuite> <!-- RejectChargeConfirmation.ApproveCollateralByBM -->
