<?xml version="1.0" encoding="UTF-8"?>
<!-- Generated by org.testng.reporters.JUnitReportReporter -->
<testsuite hostname="Basavaraj-Dannannavar" failures="0" tests="4" name="SingleCollateralCompletionTestCases.ChargeConfirmationByBM" time="34.722" errors="0" timestamp="2023-11-11T13:49:54 IST" skipped="0">
  <testcase classname="SingleCollateralCompletionTestCases.ChargeConfirmationByBM" name="Browser" time="1.039"/>
  <system-out/>
  <testcase classname="SingleCollateralCompletionTestCases.ChargeConfirmationByBM" name="Login" time="7.886"/>
  <system-out/>
  <testcase classname="SingleCollateralCompletionTestCases.ChargeConfirmationByBM" name="OpenCharges" time="25.309"/>
  <system-out/>
  <testcase classname="SingleCollateralCompletionTestCases.ChargeConfirmationByBM" name="CloseBrowser" time="0.488"/>
  <system-out/>
</testsuite> <!-- SingleCollateralCompletionTestCases.ChargeConfirmationByBM -->
