<?xml version="1.0" encoding="UTF-8"?>
<!-- Generated by org.testng.reporters.JUnitReportReporter -->
<testsuite hostname="Basavaraj-Dannannavar" failures="0" tests="5" name="SingleCollateralCompletionTestCases.ChargeAndMovementRequestByBM" time="48.444" errors="0" timestamp="2023-11-11T13:49:54 IST" skipped="0">
  <testcase classname="SingleCollateralCompletionTestCases.ChargeAndMovementRequestByBM" name="Browser" time="1.460"/>
  <system-out/>
  <testcase classname="SingleCollateralCompletionTestCases.ChargeAndMovementRequestByBM" name="Login" time="3.338"/>
  <system-out/>
  <testcase classname="SingleCollateralCompletionTestCases.ChargeAndMovementRequestByBM" name="SearchCollateral" time="12.389"/>
  <system-out/>
  <testcase classname="SingleCollateralCompletionTestCases.ChargeAndMovementRequestByBM" name="ChargeRequestFormFillup" time="30.968"/>
  <system-out/>
  <testcase classname="SingleCollateralCompletionTestCases.ChargeAndMovementRequestByBM" name="CloseBrowser" time="0.289"/>
  <system-out/>
</testsuite> <!-- SingleCollateralCompletionTestCases.ChargeAndMovementRequestByBM -->
