<?xml version="1.0" encoding="UTF-8"?>
<!-- Generated by org.testng.reporters.JUnitReportReporter -->
<testsuite hostname="DESKTOP-1BVCN2G" failures="0" tests="5" name="RejectCollateralRelease.ChargeReleaseRequestByBM" time="46.281" errors="0" timestamp="2023-06-19T14:59:07 IST" skipped="0">
  <testcase classname="RejectCollateralRelease.ChargeReleaseRequestByBM" name="Browser" time="1.167"/>
  <system-out/>
  <testcase classname="RejectCollateralRelease.ChargeReleaseRequestByBM" name="Login" time="6.592"/>
  <system-out/>
  <testcase classname="RejectCollateralRelease.ChargeReleaseRequestByBM" name="ChargeReleaseForm" time="15.980"/>
  <system-out/>
  <testcase classname="RejectCollateralRelease.ChargeReleaseRequestByBM" name="RequestClosure" time="22.383"/>
  <system-out/>
  <testcase classname="RejectCollateralRelease.ChargeReleaseRequestByBM" name="CloseBrowser" time="0.159"/>
  <system-out/>
</testsuite> <!-- RejectCollateralRelease.ChargeReleaseRequestByBM -->
