<?xml version="1.0" encoding="UTF-8"?>
<!-- Generated by org.testng.reporters.JUnitReportReporter -->
<testsuite hostname="Basavaraj-Dannannavar" failures="0" tests="4" name="SingleCollateralCompletionTestCases.CollateralRelease" time="39.006" errors="0" timestamp="2023-11-11T13:49:54 IST" skipped="0">
  <testcase classname="SingleCollateralCompletionTestCases.CollateralRelease" name="Browser" time="1.094"/>
  <system-out/>
  <testcase classname="SingleCollateralCompletionTestCases.CollateralRelease" name="Login" time="8.721"/>
  <system-out/>
  <testcase classname="SingleCollateralCompletionTestCases.CollateralRelease" name="CollateralRelease" time="28.838"/>
  <system-out/>
  <testcase classname="SingleCollateralCompletionTestCases.CollateralRelease" name="CloseBrowser" time="0.353"/>
  <system-out/>
</testsuite> <!-- SingleCollateralCompletionTestCases.CollateralRelease -->
