<?xml version="1.0" encoding="UTF-8"?>
<!-- Generated by org.testng.reporters.JUnitReportReporter -->
<testsuite hostname="Basavaraj-Dannannavar" failures="0" tests="5" name="SingleCollateralCompletionTestCases.RequestChargeConfirmationByFO" time="66.981" errors="0" timestamp="2023-11-11T13:49:54 IST" skipped="0">
  <testcase classname="SingleCollateralCompletionTestCases.RequestChargeConfirmationByFO" name="Browser" time="1.428"/>
  <system-out/>
  <testcase classname="SingleCollateralCompletionTestCases.RequestChargeConfirmationByFO" name="Login" time="7.500"/>
  <system-out/>
  <testcase classname="SingleCollateralCompletionTestCases.RequestChargeConfirmationByFO" name="ChargeFormOpen" time="30.902"/>
  <system-out/>
  <testcase classname="SingleCollateralCompletionTestCases.RequestChargeConfirmationByFO" name="ChargeFillup" time="26.838"/>
  <system-out/>
  <testcase classname="SingleCollateralCompletionTestCases.RequestChargeConfirmationByFO" name="CloseBrowser" time="0.313"/>
  <system-out/>
</testsuite> <!-- SingleCollateralCompletionTestCases.RequestChargeConfirmationByFO -->
