<?xml version="1.0" encoding="UTF-8"?>
<!-- Generated by org.testng.reporters.JUnitReportReporter -->
<testsuite hostname="Basavaraj-Dannannavar" failures="0" tests="5" name="SingleCollateralCompletionTestCases.RequestChargeConfirmationByFO" time="68.909" errors="0" timestamp="2023-11-05T16:22:49 IST" skipped="0">
  <testcase classname="SingleCollateralCompletionTestCases.RequestChargeConfirmationByFO" name="Browser" time="1.091"/>
  <system-out/>
  <testcase classname="SingleCollateralCompletionTestCases.RequestChargeConfirmationByFO" name="Login" time="10.149"/>
  <system-out/>
  <testcase classname="SingleCollateralCompletionTestCases.RequestChargeConfirmationByFO" name="ChargeFormOpen" time="30.501"/>
  <system-out/>
  <testcase classname="SingleCollateralCompletionTestCases.RequestChargeConfirmationByFO" name="ChargeFillup" time="26.840"/>
  <system-out/>
  <testcase classname="SingleCollateralCompletionTestCases.RequestChargeConfirmationByFO" name="CloseBrowser" time="0.328"/>
  <system-out/>
</testsuite> <!-- SingleCollateralCompletionTestCases.RequestChargeConfirmationByFO -->
