<?xml version="1.0" encoding="UTF-8"?>
<!-- Generated by org.testng.reporters.JUnitReportReporter -->
<testsuite hostname="DESKTOP-1BVCN2G" failures="0" tests="7" name="cancelChargeRequestByBM.AddCollateral" time="149.407" errors="0" timestamp="2023-06-19T15:32:13 IST" skipped="0">
  <testcase classname="cancelChargeRequestByBM.AddCollateral" name="Browser" time="3.326"/>
  <system-out/>
  <testcase classname="cancelChargeRequestByBM.AddCollateral" name="Login" time="6.378"/>
  <system-out/>
  <testcase classname="cancelChargeRequestByBM.AddCollateral" name="AddCollaterl" time="14.148"/>
  <system-out/>
  <testcase classname="cancelChargeRequestByBM.AddCollateral" name="AddPacketWithoutPacketID" time="3.950"/>
  <system-out/>
  <testcase classname="cancelChargeRequestByBM.AddCollateral" name="AddOrnaments" time="71.491"/>
  <system-out/>
  <testcase classname="cancelChargeRequestByBM.AddCollateral" name="SubmitCollateral" time="49.845"/>
  <system-out/>
  <testcase classname="cancelChargeRequestByBM.AddCollateral" name="CloseBrowser" time="0.269"/>
  <system-out/>
</testsuite> <!-- cancelChargeRequestByBM.AddCollateral -->
