<?xml version="1.0" encoding="UTF-8"?>
<!-- Generated by org.testng.reporters.JUnitReportReporter -->
<testsuite hostname="Basavaraj-Dannannavar" failures="0" tests="5" name="SingleCollateralCompletionTestCases.ReleaseMovementComplete" time="65.680" errors="0" timestamp="2023-11-11T13:49:54 IST" skipped="0">
  <testcase classname="SingleCollateralCompletionTestCases.ReleaseMovementComplete" name="Browser" time="1.058"/>
  <system-out/>
  <testcase classname="SingleCollateralCompletionTestCases.ReleaseMovementComplete" name="Login" time="6.783"/>
  <system-out/>
  <testcase classname="SingleCollateralCompletionTestCases.ReleaseMovementComplete" name="StartTrip" time="16.270"/>
  <system-out/>
  <testcase classname="SingleCollateralCompletionTestCases.ReleaseMovementComplete" name="TrackOngoingTrip" time="41.199"/>
  <system-out/>
  <testcase classname="SingleCollateralCompletionTestCases.ReleaseMovementComplete" name="CloseBrowser" time="0.370"/>
  <system-out/>
</testsuite> <!-- SingleCollateralCompletionTestCases.ReleaseMovementComplete -->
