<?xml version="1.0" encoding="UTF-8"?>
<!-- Generated by org.testng.reporters.JUnitReportReporter -->
<testsuite hostname="Basavaraj-Dannannavar" failures="0" tests="4" name="SingleCollateralCompletionTestCases.RejectChargeConfirmationByBM" time="36.882" errors="0" timestamp="2023-11-11T13:49:54 IST" skipped="0">
  <testcase classname="SingleCollateralCompletionTestCases.RejectChargeConfirmationByBM" name="Browser" time="1.444"/>
  <system-out/>
  <testcase classname="SingleCollateralCompletionTestCases.RejectChargeConfirmationByBM" name="Login" time="6.790"/>
  <system-out/>
  <testcase classname="SingleCollateralCompletionTestCases.RejectChargeConfirmationByBM" name="OpenCharges" time="28.291"/>
  <system-out/>
  <testcase classname="SingleCollateralCompletionTestCases.RejectChargeConfirmationByBM" name="CloseBrowser" time="0.357"/>
  <system-out/>
</testsuite> <!-- SingleCollateralCompletionTestCases.RejectChargeConfirmationByBM -->
