<?xml version="1.0" encoding="UTF-8"?>
<!-- Generated by org.testng.reporters.JUnitReportReporter -->
<testsuite hostname="DESKTOP-1BVCN2G" failures="0" tests="5" name="RejectCollateralRelease.RequestMovementCompletionByFO" time="48.100" errors="0" timestamp="2023-06-19T14:59:07 IST" skipped="0">
  <testcase classname="RejectCollateralRelease.RequestMovementCompletionByFO" name="Browser" time="1.187"/>
  <system-out/>
  <testcase classname="RejectCollateralRelease.RequestMovementCompletionByFO" name="Login" time="7.858"/>
  <system-out/>
  <testcase classname="RejectCollateralRelease.RequestMovementCompletionByFO" name="StartTrip" time="16.357"/>
  <system-out/>
  <testcase classname="RejectCollateralRelease.RequestMovementCompletionByFO" name="TrackOngoingTrip" time="22.525"/>
  <system-out/>
  <testcase classname="RejectCollateralRelease.RequestMovementCompletionByFO" name="CloseBrowser" time="0.173"/>
  <system-out/>
</testsuite> <!-- RejectCollateralRelease.RequestMovementCompletionByFO -->
