<?xml version="1.0" encoding="UTF-8"?>
<!-- Generated by org.testng.reporters.JUnitReportReporter -->
<testsuite hostname="Basavaraj-Dannannavar" failures="0" tests="5" name="SingleCollateralCompletionTestCases.DraftCollateralCreation" time="21.799" errors="0" timestamp="2023-11-11T13:49:54 IST" skipped="0">
  <testcase classname="SingleCollateralCompletionTestCases.DraftCollateralCreation" name="Login" time="7.594"/>
  <system-out/>
  <testcase classname="SingleCollateralCompletionTestCases.DraftCollateralCreation" name="AddCollaterl" time="6.999"/>
  <system-out/>
  <testcase classname="SingleCollateralCompletionTestCases.DraftCollateralCreation" name="AddPacketWithPacketID" time="4.624"/>
  <system-out/>
  <testcase classname="SingleCollateralCompletionTestCases.DraftCollateralCreation" name="AddOrnaments" time="2.050"/>
  <system-out/>
  <testcase classname="SingleCollateralCompletionTestCases.DraftCollateralCreation" name="CloseBrowser" time="0.532"/>
  <system-out/>
</testsuite> <!-- SingleCollateralCompletionTestCases.DraftCollateralCreation -->
