<?xml version="1.0" encoding="UTF-8"?>
<!-- Generated by org.testng.reporters.JUnitReportReporter -->
<testsuite hostname="Basavaraj-Dannannavar" failures="0" tests="5" name="SingleCollateralCompletionTestCases.ReleaseMovementComplete" time="68.200" errors="0" timestamp="2023-11-05T16:22:49 IST" skipped="0">
  <testcase classname="SingleCollateralCompletionTestCases.ReleaseMovementComplete" name="Browser" time="1.004"/>
  <system-out/>
  <testcase classname="SingleCollateralCompletionTestCases.ReleaseMovementComplete" name="Login" time="9.299"/>
  <system-out/>
  <testcase classname="SingleCollateralCompletionTestCases.ReleaseMovementComplete" name="StartTrip" time="16.077"/>
  <system-out/>
  <testcase classname="SingleCollateralCompletionTestCases.ReleaseMovementComplete" name="TrackOngoingTrip" time="41.486"/>
  <system-out/>
  <testcase classname="SingleCollateralCompletionTestCases.ReleaseMovementComplete" name="CloseBrowser" time="0.334"/>
  <system-out/>
</testsuite> <!-- SingleCollateralCompletionTestCases.ReleaseMovementComplete -->
