<?xml version="1.0" encoding="UTF-8"?>
<!-- Generated by org.testng.reporters.JUnitReportReporter -->
<testsuite hostname="DESKTOP-1BVCN2G" failures="0" tests="4" name="RejectCollateralRelease.RejectCollateralRelease" time="33.722" errors="0" timestamp="2023-06-19T14:59:07 IST" skipped="0">
  <testcase classname="RejectCollateralRelease.RejectCollateralRelease" name="Browser" time="1.108"/>
  <system-out/>
  <testcase classname="RejectCollateralRelease.RejectCollateralRelease" name="Login" time="6.371"/>
  <system-out/>
  <testcase classname="RejectCollateralRelease.RejectCollateralRelease" name="CollateralRelease" time="26.036"/>
  <system-out/>
  <testcase classname="RejectCollateralRelease.RejectCollateralRelease" name="CloseBrowser" time="0.207"/>
  <system-out/>
</testsuite> <!-- RejectCollateralRelease.RejectCollateralRelease -->
