<?xml version="1.0" encoding="UTF-8"?>
<!-- Generated by org.testng.reporters.JUnitReportReporter -->
<testsuite hostname="DESKTOP-FF2F2R1" failures="0" tests="5" name="SingleCollateralCompletionTestCases.RequestMovementCompletionByFO" time="47.567" errors="0" timestamp="2023-10-17T14:41:20 IST" skipped="0">
  <testcase classname="SingleCollateralCompletionTestCases.RequestMovementCompletionByFO" name="Browser" time="1.251"/>
  <system-out/>
  <testcase classname="SingleCollateralCompletionTestCases.RequestMovementCompletionByFO" name="Login" time="7.481"/>
  <system-out/>
  <testcase classname="SingleCollateralCompletionTestCases.RequestMovementCompletionByFO" name="StartTrip" time="15.900"/>
  <system-out/>
  <testcase classname="SingleCollateralCompletionTestCases.RequestMovementCompletionByFO" name="TrackOngoingTrip" time="22.504"/>
  <system-out/>
  <testcase classname="SingleCollateralCompletionTestCases.RequestMovementCompletionByFO" name="CloseBrowser" time="0.431"/>
  <system-out/>
</testsuite> <!-- SingleCollateralCompletionTestCases.RequestMovementCompletionByFO -->
