<?xml version="1.0" encoding="UTF-8"?>
<!-- Generated by org.testng.reporters.JUnitReportReporter -->
<testsuite hostname="Basavaraj-Dannannavar" failures="0" tests="5" name="RejectCollateralRelease.RequestChargeConfirmationByFO" time="67.995" errors="0" timestamp="2023-11-05T11:09:13 IST" skipped="0">
  <testcase classname="RejectCollateralRelease.RequestChargeConfirmationByFO" name="Browser" time="1.604"/>
  <system-out/>
  <testcase classname="RejectCollateralRelease.RequestChargeConfirmationByFO" name="Login" time="7.167"/>
  <system-out/>
  <testcase classname="RejectCollateralRelease.RequestChargeConfirmationByFO" name="ChargeFormOpen" time="31.687"/>
  <system-out/>
  <testcase classname="RejectCollateralRelease.RequestChargeConfirmationByFO" name="ChargeFillup" time="27.119"/>
  <system-out/>
  <testcase classname="RejectCollateralRelease.RequestChargeConfirmationByFO" name="CloseBrowser" time="0.418"/>
  <system-out/>
</testsuite> <!-- RejectCollateralRelease.RequestChargeConfirmationByFO -->
