<?xml version="1.0" encoding="UTF-8"?>
<!-- Generated by org.testng.reporters.JUnitReportReporter -->
<testsuite hostname="Basavaraj-Dannannavar" failures="0" tests="4" name="RejectCollateralRelease.ChargeConfirmationByBM" time="35.415" errors="0" timestamp="2023-11-05T11:09:13 IST" skipped="0">
  <testcase classname="RejectCollateralRelease.ChargeConfirmationByBM" name="Browser" time="1.114"/>
  <system-out/>
  <testcase classname="RejectCollateralRelease.ChargeConfirmationByBM" name="Login" time="9.383"/>
  <system-out/>
  <testcase classname="RejectCollateralRelease.ChargeConfirmationByBM" name="OpenCharges" time="24.436"/>
  <system-out/>
  <testcase classname="RejectCollateralRelease.ChargeConfirmationByBM" name="CloseBrowser" time="0.482"/>
  <system-out/>
</testsuite> <!-- RejectCollateralRelease.ChargeConfirmationByBM -->
