<?xml version="1.0" encoding="UTF-8"?>
<!-- Generated by org.testng.reporters.JUnitReportReporter -->
<testsuite hostname="DESKTOP-FF2F2R1" failures="0" tests="6" name="SingleCollateralCompletionTestCases.AddCollateral" time="62.742" errors="0" timestamp="2023-10-17T14:41:20 IST" skipped="0">
  <testcase classname="SingleCollateralCompletionTestCases.AddCollateral" name="Login" time="6.526"/>
  <system-out/>
  <testcase classname="SingleCollateralCompletionTestCases.AddCollateral" name="AddCollaterl" time="5.839"/>
  <system-out/>
  <testcase classname="SingleCollateralCompletionTestCases.AddCollateral" name="AddPacketWithPacketID" time="3.288"/>
  <system-out/>
  <testcase classname="SingleCollateralCompletionTestCases.AddCollateral" name="AddOrnaments" time="18.260"/>
  <system-out/>
  <testcase classname="SingleCollateralCompletionTestCases.AddCollateral" name="SubmitCollateral" time="28.170"/>
  <system-out/>
  <testcase classname="SingleCollateralCompletionTestCases.AddCollateral" name="CloseBrowser" time="0.659"/>
  <system-out/>
</testsuite> <!-- SingleCollateralCompletionTestCases.AddCollateral -->
