<?xml version="1.0" encoding="UTF-8"?>
<!-- Generated by org.testng.reporters.JUnitReportReporter -->
<testsuite hostname="Basavaraj-Dannannavar" failures="0" tests="5" name="RejectCollateralRelease.ReleaseMovementComplete" time="68.389" errors="0" timestamp="2023-11-05T11:09:13 IST" skipped="0">
  <testcase classname="RejectCollateralRelease.ReleaseMovementComplete" name="Browser" time="1.214"/>
  <system-out/>
  <testcase classname="RejectCollateralRelease.ReleaseMovementComplete" name="Login" time="7.275"/>
  <system-out/>
  <testcase classname="RejectCollateralRelease.ReleaseMovementComplete" name="StartTrip" time="16.632"/>
  <system-out/>
  <testcase classname="RejectCollateralRelease.ReleaseMovementComplete" name="TrackOngoingTrip" time="42.832"/>
  <system-out/>
  <testcase classname="RejectCollateralRelease.ReleaseMovementComplete" name="CloseBrowser" time="0.436"/>
  <system-out/>
</testsuite> <!-- RejectCollateralRelease.ReleaseMovementComplete -->
