<?xml version="1.0" encoding="UTF-8"?>
<!-- Generated by org.testng.reporters.JUnitReportReporter -->
<testsuite hostname="Basavaraj-Dannannavar" failures="0" tests="5" name="SingleCollateralCompletionTestCases.ResubmitChargeConfirmationByFO1" time="67.271" errors="0" timestamp="2023-11-11T13:49:54 IST" skipped="0">
  <testcase classname="SingleCollateralCompletionTestCases.ResubmitChargeConfirmationByFO1" name="Browser" time="1.075"/>
  <system-out/>
  <testcase classname="SingleCollateralCompletionTestCases.ResubmitChargeConfirmationByFO1" name="Login" time="7.068"/>
  <system-out/>
  <testcase classname="SingleCollateralCompletionTestCases.ResubmitChargeConfirmationByFO1" name="ChargeFormOpen" time="31.782"/>
  <system-out/>
  <testcase classname="SingleCollateralCompletionTestCases.ResubmitChargeConfirmationByFO1" name="ChargeFillup" time="26.968"/>
  <system-out/>
  <testcase classname="SingleCollateralCompletionTestCases.ResubmitChargeConfirmationByFO1" name="CloseBrowser" time="0.378"/>
  <system-out/>
</testsuite> <!-- SingleCollateralCompletionTestCases.ResubmitChargeConfirmationByFO1 -->
