<?xml version="1.0" encoding="UTF-8"?>
<!-- Generated by org.testng.reporters.JUnitReportReporter -->
<testsuite hostname="DESKTOP-FF2F2R1" failures="0" tests="4" name="SingleCollateralCompletionTestCases.ApproveCollateralByBM" time="49.710" errors="0" timestamp="2023-10-17T14:41:20 IST" skipped="0">
  <testcase classname="SingleCollateralCompletionTestCases.ApproveCollateralByBM" name="Browser" time="1.339"/>
  <system-out/>
  <testcase classname="SingleCollateralCompletionTestCases.ApproveCollateralByBM" name="Login" time="6.590"/>
  <system-out/>
  <testcase classname="SingleCollateralCompletionTestCases.ApproveCollateralByBM" name="CollateralAdditionLink" time="41.256"/>
  <system-out/>
  <testcase classname="SingleCollateralCompletionTestCases.ApproveCollateralByBM" name="CloseBrowser" time="0.525"/>
  <system-out/>
</testsuite> <!-- SingleCollateralCompletionTestCases.ApproveCollateralByBM -->
