<?xml version="1.0" encoding="UTF-8"?>
<!-- Generated by org.testng.reporters.JUnitReportReporter -->
<testsuite hostname="DESKTOP-FF2F2R1" failures="0" tests="5" name="SingleCollateralCompletionTestCases.ReleaseMovementComplete" time="65.436" errors="0" timestamp="2023-10-17T14:41:20 IST" skipped="0">
  <testcase classname="SingleCollateralCompletionTestCases.ReleaseMovementComplete" name="Browser" time="1.840"/>
  <system-out/>
  <testcase classname="SingleCollateralCompletionTestCases.ReleaseMovementComplete" name="Login" time="6.464"/>
  <system-out/>
  <testcase classname="SingleCollateralCompletionTestCases.ReleaseMovementComplete" name="StartTrip" time="15.971"/>
  <system-out/>
  <testcase classname="SingleCollateralCompletionTestCases.ReleaseMovementComplete" name="TrackOngoingTrip" time="40.699"/>
  <system-out/>
  <testcase classname="SingleCollateralCompletionTestCases.ReleaseMovementComplete" name="CloseBrowser" time="0.462"/>
  <system-out/>
</testsuite> <!-- SingleCollateralCompletionTestCases.ReleaseMovementComplete -->
