<?xml version="1.0" encoding="UTF-8"?>
<!-- Generated by org.testng.reporters.JUnitReportReporter -->
<testsuite hostname="DESKTOP-1BVCN2G" failures="0" tests="4" name="cancelChargeRequestByBM.ApproveCollateralByBM" time="53.249" errors="0" timestamp="2023-06-08T12:26:19 IST" skipped="0">
  <testcase classname="cancelChargeRequestByBM.ApproveCollateralByBM" name="Browser" time="5.229"/>
  <system-out/>
  <testcase classname="cancelChargeRequestByBM.ApproveCollateralByBM" name="Login" time="6.949"/>
  <system-out/>
  <testcase classname="cancelChargeRequestByBM.ApproveCollateralByBM" name="CollateralAdditionLink" time="40.804"/>
  <system-out/>
  <testcase classname="cancelChargeRequestByBM.ApproveCollateralByBM" name="CloseBrowser" time="0.267"/>
  <system-out/>
</testsuite> <!-- cancelChargeRequestByBM.ApproveCollateralByBM -->
