<?xml version="1.0" encoding="UTF-8"?>
<!-- Generated by org.testng.reporters.JUnitReportReporter -->
<testsuite hostname="Basavaraj-Dannannavar" failures="0" tests="5" name="RejectChargeConfirmation.RequestChargeConfirmationByFO" time="72.853" errors="0" timestamp="2023-11-05T11:18:16 IST" skipped="0">
  <testcase classname="RejectChargeConfirmation.RequestChargeConfirmationByFO" name="Browser" time="1.228"/>
  <system-out/>
  <testcase classname="RejectChargeConfirmation.RequestChargeConfirmationByFO" name="Login" time="10.668"/>
  <system-out/>
  <testcase classname="RejectChargeConfirmation.RequestChargeConfirmationByFO" name="ChargeFormOpen" time="33.262"/>
  <system-out/>
  <testcase classname="RejectChargeConfirmation.RequestChargeConfirmationByFO" name="ChargeFillup" time="27.194"/>
  <system-out/>
  <testcase classname="RejectChargeConfirmation.RequestChargeConfirmationByFO" name="CloseBrowser" time="0.501"/>
  <system-out/>
</testsuite> <!-- RejectChargeConfirmation.RequestChargeConfirmationByFO -->
