<?xml version="1.0" encoding="UTF-8"?>
<!-- Generated by org.testng.reporters.JUnitReportReporter -->
<testsuite hostname="Basavaraj-Dannannavar" failures="0" tests="4" name="SingleCollateralCompletionTestCases.cancelChargeRequestByBM" time="42.870" errors="0" timestamp="2023-11-11T13:49:54 IST" skipped="0">
  <testcase classname="SingleCollateralCompletionTestCases.cancelChargeRequestByBM" name="Browser" time="1.100"/>
  <system-out/>
  <testcase classname="SingleCollateralCompletionTestCases.cancelChargeRequestByBM" name="Login" time="6.597"/>
  <system-out/>
  <testcase classname="SingleCollateralCompletionTestCases.cancelChargeRequestByBM" name="CancelChargeRequest" time="34.722"/>
  <system-out/>
  <testcase classname="SingleCollateralCompletionTestCases.cancelChargeRequestByBM" name="CloseBrowser" time="0.451"/>
  <system-out/>
</testsuite> <!-- SingleCollateralCompletionTestCases.cancelChargeRequestByBM -->
