<?xml version="1.0" encoding="UTF-8"?>
<!-- Generated by org.testng.reporters.JUnitReportReporter -->
<testsuite hostname="DESKTOP-FF2F2R1" failures="0" tests="4" name="SingleCollateralCompletionTestCases.ChargeAndMovementRequestByBM" time="48.963" errors="0" timestamp="2023-10-17T14:41:20 IST" skipped="0">
  <testcase classname="SingleCollateralCompletionTestCases.ChargeAndMovementRequestByBM" name="Browser" time="1.273"/>
  <system-out/>
  <testcase classname="SingleCollateralCompletionTestCases.ChargeAndMovementRequestByBM" name="Login" time="2.475"/>
  <system-out/>
  <testcase classname="SingleCollateralCompletionTestCases.ChargeAndMovementRequestByBM" name="SearchCollateral" time="12.741"/>
  <system-out/>
  <testcase classname="SingleCollateralCompletionTestCases.ChargeAndMovementRequestByBM" name="ChargeRequestFormFillup" time="32.474"/>
  <system-out/>
</testsuite> <!-- SingleCollateralCompletionTestCases.ChargeAndMovementRequestByBM -->
