<?xml version="1.0" encoding="UTF-8"?>
<!-- Generated by org.testng.reporters.JUnitReportReporter -->
<testsuite hostname="DESKTOP-1BVCN2G" failures="0" tests="1" name="LLogin" time="0.015" errors="0" timestamp="2023-05-28T14:42:48 IST" skipped="0">
  <testcase classname="LLogin" name="l1" time="0.015"/>
  <system-out/>
</testsuite> <!-- LLogin -->
