<?xml version="1.0" encoding="UTF-8"?>
<!-- Generated by org.testng.reporters.JUnitReportReporter -->
<testsuite hostname="DESKTOP-1BVCN2G" failures="0" tests="7" name="RejectChargeConfirmation.AddCollateral" time="150.044" errors="0" timestamp="2023-06-08T12:16:26 IST" skipped="0">
  <testcase classname="RejectChargeConfirmation.AddCollateral" name="Browser" time="3.947"/>
  <system-out/>
  <testcase classname="RejectChargeConfirmation.AddCollateral" name="Login" time="6.549"/>
  <system-out/>
  <testcase classname="RejectChargeConfirmation.AddCollateral" name="AddCollaterl" time="15.031"/>
  <system-out/>
  <testcase classname="RejectChargeConfirmation.AddCollateral" name="AddPacketWithoutPacketID" time="3.155"/>
  <system-out/>
  <testcase classname="RejectChargeConfirmation.AddCollateral" name="AddOrnaments" time="71.218"/>
  <system-out/>
  <testcase classname="RejectChargeConfirmation.AddCollateral" name="SubmitCollateral" time="49.938"/>
  <system-out/>
  <testcase classname="RejectChargeConfirmation.AddCollateral" name="CloseBrowser" time="0.206"/>
  <system-out/>
</testsuite> <!-- RejectChargeConfirmation.AddCollateral -->
