<?xml version="1.0" encoding="UTF-8"?>
<!-- Generated by org.testng.reporters.JUnitReportReporter -->
<testsuite hostname="Basavaraj-Dannannavar" failures="0" tests="4" name="SingleCollateralCompletionTestCases.cancelChargeRequestByBM1" time="42.177" errors="0" timestamp="2023-11-11T13:49:54 IST" skipped="0">
  <testcase classname="SingleCollateralCompletionTestCases.cancelChargeRequestByBM1" name="Browser" time="1.416"/>
  <system-out/>
  <testcase classname="SingleCollateralCompletionTestCases.cancelChargeRequestByBM1" name="Login" time="5.580"/>
  <system-out/>
  <testcase classname="SingleCollateralCompletionTestCases.cancelChargeRequestByBM1" name="CancelChargeRequest" time="34.651"/>
  <system-out/>
  <testcase classname="SingleCollateralCompletionTestCases.cancelChargeRequestByBM1" name="CloseBrowser" time="0.530"/>
  <system-out/>
</testsuite> <!-- SingleCollateralCompletionTestCases.cancelChargeRequestByBM1 -->
