<?xml version="1.0" encoding="UTF-8"?>
<!-- Generated by org.testng.reporters.JUnitReportReporter -->
<testsuite hostname="Basavaraj-Dannannavar" failures="0" tests="4" name="RejectChargeConfirmation.ApproveCollateralByBM" time="51.961" errors="0" timestamp="2023-11-05T11:18:16 IST" skipped="0">
  <testcase classname="RejectChargeConfirmation.ApproveCollateralByBM" name="Browser" time="1.248"/>
  <system-out/>
  <testcase classname="RejectChargeConfirmation.ApproveCollateralByBM" name="Login" time="8.047"/>
  <system-out/>
  <testcase classname="RejectChargeConfirmation.ApproveCollateralByBM" name="CollateralAdditionLink" time="42.150"/>
  <system-out/>
  <testcase classname="RejectChargeConfirmation.ApproveCollateralByBM" name="CloseBrowser" time="0.516"/>
  <system-out/>
</testsuite> <!-- RejectChargeConfirmation.ApproveCollateralByBM -->
