<?xml version="1.0" encoding="UTF-8"?>
<!-- Generated by org.testng.reporters.JUnitReportReporter -->
<testsuite hostname="DESKTOP-1BVCN2G" failures="0" tests="1" name="SingleCollateralCompletionTestCases.CollateralDataProvider" time="0.021" errors="0" timestamp="2023-05-28T14:49:34 IST" skipped="0">
  <testcase classname="SingleCollateralCompletionTestCases.CollateralDataProvider" name="l2" time="0.021"/>
  <system-out/>
</testsuite> <!-- SingleCollateralCompletionTestCases.CollateralDataProvider -->
