<?xml version="1.0" encoding="UTF-8"?>
<!-- Generated by org.testng.reporters.JUnitReportReporter -->
<testsuite hostname="Basavaraj-Dannannavar" failures="0" tests="5" name="SingleCollateralCompletionTestCases.ResubmitRejectedCollateral" time="66.839" errors="0" timestamp="2023-11-11T13:49:54 IST" skipped="0">
  <testcase classname="SingleCollateralCompletionTestCases.ResubmitRejectedCollateral" name="Login" time="7.347"/>
  <system-out/>
  <testcase classname="SingleCollateralCompletionTestCases.ResubmitRejectedCollateral" name="GotoCollateral" time="11.937"/>
  <system-out/>
  <testcase classname="SingleCollateralCompletionTestCases.ResubmitRejectedCollateral" name="NewOrnamentAddition" time="18.812"/>
  <system-out/>
  <testcase classname="SingleCollateralCompletionTestCases.ResubmitRejectedCollateral" name="SubmitCollateral" time="28.371"/>
  <system-out/>
  <testcase classname="SingleCollateralCompletionTestCases.ResubmitRejectedCollateral" name="CloseBrowser" time="0.372"/>
  <system-out/>
</testsuite> <!-- SingleCollateralCompletionTestCases.ResubmitRejectedCollateral -->
