<?xml version="1.0" encoding="UTF-8"?>
<!-- Generated by org.testng.reporters.JUnitReportReporter -->
<testsuite hostname="Basavaraj-Dannannavar" failures="0" tests="4" name="RejectCollateralRelease.ChargeAndMovementRequestByBM" time="49.376" errors="0" timestamp="2023-11-05T11:09:13 IST" skipped="0">
  <testcase classname="RejectCollateralRelease.ChargeAndMovementRequestByBM" name="Browser" time="1.182"/>
  <system-out/>
  <testcase classname="RejectCollateralRelease.ChargeAndMovementRequestByBM" name="Login" time="3.048"/>
  <system-out/>
  <testcase classname="RejectCollateralRelease.ChargeAndMovementRequestByBM" name="SearchCollateral" time="12.978"/>
  <system-out/>
  <testcase classname="RejectCollateralRelease.ChargeAndMovementRequestByBM" name="ChargeRequestFormFillup" time="32.168"/>
  <system-out/>
</testsuite> <!-- RejectCollateralRelease.ChargeAndMovementRequestByBM -->
