<?xml version="1.0" encoding="UTF-8"?>
<!-- Generated by org.testng.reporters.JUnitReportReporter -->
<testsuite hostname="DESKTOP-FF2F2R1" failures="0" tests="4" name="SingleCollateralCompletionTestCases.CollateralRelease" time="37.218" errors="0" timestamp="2023-10-17T14:41:20 IST" skipped="0">
  <testcase classname="SingleCollateralCompletionTestCases.CollateralRelease" name="Browser" time="1.326"/>
  <system-out/>
  <testcase classname="SingleCollateralCompletionTestCases.CollateralRelease" name="Login" time="6.725"/>
  <system-out/>
  <testcase classname="SingleCollateralCompletionTestCases.CollateralRelease" name="CollateralRelease" time="28.655"/>
  <system-out/>
  <testcase classname="SingleCollateralCompletionTestCases.CollateralRelease" name="CloseBrowser" time="0.512"/>
  <system-out/>
</testsuite> <!-- SingleCollateralCompletionTestCases.CollateralRelease -->
